<?xml version="1.0" encoding="UTF-8"?>
<testsuite name="ru.stqa.pft.addressbook.tests.GroupModificationTests" tests="1" skipped="0" failures="0" errors="0" timestamp="2019-05-06T13:23:09" hostname="WORK-PC" time="2.767">
  <properties/>
  <testcase name="testGroupModificationTests" classname="ru.stqa.pft.addressbook.tests.GroupModificationTests" time="2.767"/>
  <system-out><![CDATA[]]></system-out>
  <system-err><![CDATA[]]></system-err>
</testsuite>
