<?xml version="1.0" encoding="UTF-8"?>
<testsuite name="ru.stqa.pft.addressbook.tests.CreationNewContact" tests="3" skipped="0" failures="0" errors="0" timestamp="2019-05-06T13:07:20" hostname="WORK-PC" time="14.959">
  <properties/>
  <testcase name="testCreationNewContact[0](GroupContacts{id='2147483647', firstname='Name 0', lastname='NameLast 0'})" classname="ru.stqa.pft.addressbook.tests.CreationNewContact" time="5.593"/>
  <testcase name="testCreationNewContact[1](GroupContacts{id='2147483647', firstname='Name 1', lastname='NameLast 1'})" classname="ru.stqa.pft.addressbook.tests.CreationNewContact" time="4.7"/>
  <testcase name="testCreationNewContact[2](GroupContacts{id='2147483647', firstname='Name 2', lastname='NameLast 2'})" classname="ru.stqa.pft.addressbook.tests.CreationNewContact" time="4.663"/>
  <system-out><![CDATA[]]></system-out>
  <system-err><![CDATA[]]></system-err>
</testsuite>
