<?xml version="1.0" encoding="UTF-8"?>
<testsuite name="ru.stqa.pft.addressbook.tests.ContactPhoneTests" tests="1" skipped="0" failures="0" errors="0" timestamp="2019-05-06T13:07:41" hostname="WORK-PC" time="2.1">
  <properties/>
  <testcase name="testComparisonOfInformationPhons" classname="ru.stqa.pft.addressbook.tests.ContactPhoneTests" time="2.1"/>
  <system-out><![CDATA[]]></system-out>
  <system-err><![CDATA[]]></system-err>
</testsuite>
